bixolonPrinter/build/intermediates/manifest_merge_blame_file/release/manifest-merger-blame-release-report.txt
1<?xml version="1.0" encoding="utf-8"?>
2<manifest xmlns:android="http://schemas.android.com/apk/res/android"
3    package="com.example.bixolonprinter" >
4
5    <uses-sdk android:minSdkVersion="24" />
5-->src\main\AndroidManifest.xml
6
7    <uses-permission android:name="android.permission.BLUETOOTH" />
7-->src\main\AndroidManifest.xml:4:5-68
7-->src\main\AndroidManifest.xml:4:22-65
8    <uses-permission android:name="android.permission.BLUETOOTH_ADMIN" />
8-->src\main\AndroidManifest.xml:5:5-74
8-->src\main\AndroidManifest.xml:5:22-71
9    <uses-permission android:name="android.permission.BLUETOOTH_CONNECT" />
9-->src\main\AndroidManifest.xml:6:5-76
9-->src\main\AndroidManifest.xml:6:22-73
10
11    <application android:theme="@style/BixolonModuleTheme" >
11-->src\main\AndroidManifest.xml:7:5-9:19
11-->src\main\AndroidManifest.xml:7:18-59
12    </application>
13
14</manifest>